<?xml version="1.0" encoding="UTF-8"?>
<testsuite xmlns:xsi="http://www.w3.org/2001/XMLSchema-instance" xsi:noNamespaceSchemaLocation="https://maven.apache.org/surefire/maven-surefire-plugin/xsd/surefire-test-report.xsd" name="com.luizalebs.comunicacao_api.ComunicacaoApiApplicationTests" time="6.88" tests="1" errors="1" skipped="0" failures="0">
  <properties>
[...]
</properties>
  <testcase name="contextLoads" classname="com.luizalebs.comunicacao_api.ComunicacaoApiApplicationTests" time="1.515">
    <error type="java.lang.StackOverflowError">java.lang.StackOverflowError
</error>
    <system-out><![CDATA[15:13:32.284 [main] DEBUG org.springframework.test.context.BootstrapUtils - Instantiating CacheAwareContextLoaderDelegate from class [org.springframework.test.context.cache.DefaultCacheAwareContextLoaderDelegate]
15:13:32.286 [main] DEBUG org.springframework.test.context.BootstrapUtils - Instantiating BootstrapContext using constructor [public org.springframework.test.context.support.DefaultBootstrapContext(java.lang.Class,org.springframework.test.context.CacheAwareContextLoaderDelegate)]
15:13:32.291 [main] DEBUG org.springframework.test.context.BootstrapUtils - Instantiating TestContextBootstrapper for test class [com.luizalebs.comunicacao_api.ComunicacaoApiApplicationTests] from class [org.springframework.boot.test.context.SpringBootTestContextBootstrapper]
15:13:32.297 [main] INFO org.springframework.boot.test.context.SpringBootTestContextBootstrapper - Neither @ContextConfiguration nor @ContextHierarchy found for test class [com.luizalebs.comunicacao_api.ComunicacaoApiApplicationTests], using SpringBootContextLoader
15:13:32.298 [main] DEBUG org.springframework.test.context.support.AbstractContextLoader - Did not detect default resource location for test class [com.luizalebs.comunicacao_api.ComunicacaoApiApplicationTests]: class path resource [com/luizalebs/comunicacao_api/ComunicacaoApiApplicationTests-context.xml] does not exist
15:13:32.299 [main] DEBUG org.springframework.test.context.support.AbstractContextLoader - Did not detect default resource location for test class [com.luizalebs.comunicacao_api.ComunicacaoApiApplicationTests]: class path resource [com/luizalebs/comunicacao_api/ComunicacaoApiApplicationTestsContext.groovy] does not exist
15:13:32.299 [main] INFO org.springframework.test.context.support.AbstractContextLoader - Could not detect default resource locations for test class [com.luizalebs.comunicacao_api.ComunicacaoApiApplicationTests]: no resource found for suffixes {-context.xml, Context.groovy}.
15:13:32.299 [main] INFO org.springframework.test.context.support.AnnotationConfigContextLoaderUtils - Could not detect default configuration classes for test class [com.luizalebs.comunicacao_api.ComunicacaoApiApplicationTests]: ComunicacaoApiApplicationTests does not declare any static, non-private, non-final, nested classes annotated with @Configuration.
15:13:32.366 [main] DEBUG org.springframework.context.annotation.ClassPathScanningCandidateComponentProvider - Identified candidate component class: file [C:\Javanauta\comunicacao_api\target\classes\com\luizalebs\comunicacao_api\ComunicacaoApiApplication.class]
15:13:32.366 [main] INFO org.springframework.boot.test.context.SpringBootTestContextBootstrapper - Found @SpringBootConfiguration com.luizalebs.comunicacao_api.ComunicacaoApiApplication for test class com.luizalebs.comunicacao_api.ComunicacaoApiApplicationTests
15:13:32.395 [main] DEBUG org.springframework.boot.test.context.SpringBootTestContextBootstrapper - @TestExecutionListeners is not present for class [com.luizalebs.comunicacao_api.ComunicacaoApiApplicationTests]: using defaults.
15:13:32.395 [main] INFO org.springframework.boot.test.context.SpringBootTestContextBootstrapper - Loaded default TestExecutionListener class names from location [META-INF/spring.factories]: [org.springframework.boot.test.mock.mockito.MockitoTestExecutionListener, org.springframework.boot.test.mock.mockito.ResetMocksTestExecutionListener, org.springframework.boot.test.autoconfigure.restdocs.RestDocsTestExecutionListener, org.springframework.boot.test.autoconfigure.web.client.MockRestServiceServerResetTestExecutionListener, org.springframework.boot.test.autoconfigure.web.servlet.MockMvcPrintOnlyOnFailureTestExecutionListener, org.springframework.boot.test.autoconfigure.web.servlet.WebDriverTestExecutionListener, org.springframework.boot.test.autoconfigure.webservices.client.MockWebServiceServerTestExecutionListener, org.springframework.test.context.web.ServletTestExecutionListener, org.springframework.test.context.support.DirtiesContextBeforeModesTestExecutionListener, org.springframework.test.context.event.ApplicationEventsTestExecutionListener, org.springframework.test.context.support.DependencyInjectionTestExecutionListener, org.springframework.test.context.support.DirtiesContextTestExecutionListener, org.springframework.test.context.transaction.TransactionalTestExecutionListener, org.springframework.test.context.jdbc.SqlScriptsTestExecutionListener, org.springframework.test.context.event.EventPublishingTestExecutionListener]
15:13:32.405 [main] INFO org.springframework.boot.test.context.SpringBootTestContextBootstrapper - Using TestExecutionListeners: [org.springframework.test.context.web.ServletTestExecutionListener@54e12f4c, org.springframework.test.context.support.DirtiesContextBeforeModesTestExecutionListener@60990e5c, org.springframework.test.context.event.ApplicationEventsTestExecutionListener@4d84049a, org.springframework.boot.test.mock.mockito.MockitoTestExecutionListener@39ee94de, org.springframework.boot.test.autoconfigure.SpringBootDependencyInjectionTestExecutionListener@642857e0, org.springframework.test.context.support.DirtiesContextTestExecutionListener@4c6b4ed7, org.springframework.test.context.transaction.TransactionalTestExecutionListener@21263314, org.springframework.test.context.jdbc.SqlScriptsTestExecutionListener@6ca30b8a, org.springframework.test.context.event.EventPublishingTestExecutionListener@4a92c6a9, org.springframework.boot.test.mock.mockito.ResetMocksTestExecutionListener@5c9934da, org.springframework.boot.test.autoconfigure.restdocs.RestDocsTestExecutionListener@4cb702ce, org.springframework.boot.test.autoconfigure.web.client.MockRestServiceServerResetTestExecutionListener@383caf89, org.springframework.boot.test.autoconfigure.web.servlet.MockMvcPrintOnlyOnFailureTestExecutionListener@64c781a9, org.springframework.boot.test.autoconfigure.web.servlet.WebDriverTestExecutionListener@71ed560f, org.springframework.boot.test.autoconfigure.webservices.client.MockWebServiceServerTestExecutionListener@5b88b8e]
15:13:32.407 [main] DEBUG org.springframework.test.context.support.AbstractDirtiesContextTestExecutionListener - Before test class: context [DefaultTestContext@111d5c97 testClass = ComunicacaoApiApplicationTests, testInstance = [null], testMethod = [null], testException = [null], mergedContextConfiguration = [WebMergedContextConfiguration@29c17c3d testClass = ComunicacaoApiApplicationTests, locations = '{}', classes = '{class com.luizalebs.comunicacao_api.ComunicacaoApiApplication}', contextInitializerClasses = '[]', activeProfiles = '{test}', propertySourceLocations = '{}', propertySourceProperties = '{org.springframework.boot.test.context.SpringBootTestContextBootstrapper=true}', contextCustomizers = set[org.springframework.boot.test.context.filter.ExcludeFilterContextCustomizer@4fdca00a, org.springframework.boot.test.json.DuplicateJsonObjectContextCustomizerFactory$DuplicateJsonObjectContextCustomizer@1a3e8e24, org.springframework.boot.test.mock.mockito.MockitoContextCustomizer@0, org.springframework.boot.test.web.client.TestRestTemplateContextCustomizer@7c781c42, org.springframework.boot.test.autoconfigure.actuate.metrics.MetricsExportContextCustomizerFactory$DisableMetricExportContextCustomizer@44d64d4e, org.springframework.boot.test.autoconfigure.properties.PropertyMappingContextCustomizer@0, org.springframework.boot.test.autoconfigure.web.servlet.WebDriverContextCustomizerFactory$Customizer@2806d6da, org.springframework.boot.test.context.SpringBootTestArgs@1, org.springframework.boot.test.context.SpringBootTestWebEnvironment@35fc6dc4], resourceBasePath = 'src/main/webapp', contextLoader = 'org.springframework.boot.test.context.SpringBootContextLoader', parent = [null]], attributes = map['org.springframework.test.context.web.ServletTestExecutionListener.activateListener' -> true]], class annotated with @DirtiesContext [false] with mode [null].

  .   ____          _            __ _ _
 /\\ / ___'_ __ _ _(_)_ __  __ _ \ \ \ \
( ( )\___ | '_ | '_| | '_ \/ _` | \ \ \ \
 \\/  ___)| |_)| | | | | || (_| |  ) ) ) )
  '  |____| .__|_| |_|_| |_\__, | / / / /
 =========|_|==============|___/=/_/_/_/
 :: Spring Boot ::                (v2.7.0)

2026-09-21 15:13:32.988  INFO 8280 --- [           main] c.l.c.ComunicacaoApiApplicationTests     : Starting ComunicacaoApiApplicationTests using Java 11.0.32 on Daniel with PID 8280 (started by danie in C:\Javanauta\comunicacao_api)
2026-09-21 15:13:32.989  INFO 8280 --- [           main] c.l.c.ComunicacaoApiApplicationTests     : The following 1 profile is active: "test"
2026-09-21 15:13:33.636  INFO 8280 --- [           main] .s.d.r.c.RepositoryConfigurationDelegate : Bootstrapping Spring Data JPA repositories in DEFAULT mode.
2026-09-21 15:13:33.692  INFO 8280 --- [           main] .s.d.r.c.RepositoryConfigurationDelegate : Finished Spring Data repository scanning in 50 ms. Found 1 JPA repository interfaces.
2026-09-21 15:13:33.880  INFO 8280 --- [           main] o.s.cloud.context.scope.GenericScope     : BeanFactory id=fe716809-88af-3e8b-82e3-0d318858c947
2026-09-21 15:13:34.343  INFO 8280 --- [           main] o.hibernate.jpa.internal.util.LogHelper  : HHH000204: Processing PersistenceUnitInfo [name: default]
2026-09-21 15:13:34.384  INFO 8280 --- [           main] org.hibernate.Version                    : HHH000412: Hibernate ORM core version 5.6.9.Final
2026-09-21 15:13:34.418  INFO 8280 --- [           main] o.hibernate.annotations.common.Version   : HCANN000001: Hibernate Commons Annotations {5.1.2.Final}
2026-09-21 15:13:34.702  INFO 8280 --- [           main] com.zaxxer.hikari.HikariDataSource       : HikariPool-1 - Starting...
2026-09-21 15:13:34.887  INFO 8280 --- [           main] com.zaxxer.hikari.HikariDataSource       : HikariPool-1 - Start completed.
2026-09-21 15:13:34.903  INFO 8280 --- [           main] org.hibernate.dialect.Dialect            : HHH000400: Using dialect: org.hibernate.dialect.H2Dialect
2026-09-21 15:13:35.218  INFO 8280 --- [           main] o.h.e.t.j.p.i.JtaPlatformInitiator       : HHH000490: Using JtaPlatform implementation: [org.hibernate.engine.transaction.jta.platform.internal.NoJtaPlatform]
2026-09-21 15:13:35.224  INFO 8280 --- [           main] j.LocalContainerEntityManagerFactoryBean : Initialized JPA EntityManagerFactory for persistence unit 'default'
2026-09-21 15:13:35.924  WARN 8280 --- [           main] JpaBaseConfiguration$JpaWebConfiguration : spring.jpa.open-in-view is enabled by default. Therefore, database queries may be performed during view rendering. Explicitly configure spring.jpa.open-in-view to disable this warning
2026-09-21 15:13:36.492  INFO 8280 --- [           main] o.s.s.web.DefaultSecurityFilterChain     : Will secure any request with [org.springframework.security.web.session.DisableEncodeUrlFilter@6ebf5f26, org.springframework.security.web.context.request.async.WebAsyncManagerIntegrationFilter@7a5a26b7, org.springframework.security.web.context.SecurityContextPersistenceFilter@53c0424a, org.springframework.security.web.header.HeaderWriterFilter@6c96dc5c, org.springframework.security.web.authentication.logout.LogoutFilter@204beb58, org.springframework.security.web.savedrequest.RequestCacheAwareFilter@2d18d9ed, org.springframework.security.web.servletapi.SecurityContextHolderAwareRequestFilter@4fb3c670, org.springframework.security.web.authentication.AnonymousAuthenticationFilter@3524ee20, org.springframework.security.web.session.SessionManagementFilter@6527f68a, org.springframework.security.web.access.ExceptionTranslationFilter@1c4a8c93, org.springframework.security.web.access.intercept.AuthorizationFilter@7d6ccad7]
2026-09-21 15:13:37.635  INFO 8280 --- [           main] c.l.c.ComunicacaoApiApplicationTests     : Started ComunicacaoApiApplicationTests in 5.203 seconds (JVM running for 7.047)
]]></system-out>
  </testcase>
</testsuite>